[2012-06-22 14:47:19] security.DEBUG: Read SecurityContext from the session [] []
[2012-06-22 14:47:19] security.DEBUG: Reloading user from user provider. [] []
[2012-06-22 14:47:19] security.DEBUG: Username "" was reloaded from user provider. [] []
[2012-06-22 14:47:19] request.ERROR: Symfony\Component\HttpKernel\Exception\NotFoundHttpException: No route found for "GET /js/formAddImage.js" (uncaught exception) at /Applications/MAMP/htdocs/showkees/vendor/symfony/src/Symfony/Bundle/FrameworkBundle/EventListener/RouterListener.php line 83 [] []
[2012-06-22 14:47:19] security.DEBUG: Write SecurityContext in the session [] []
[2012-06-22 14:47:49] security.DEBUG: Read SecurityContext from the session [] []
[2012-06-22 14:47:49] security.DEBUG: Reloading user from user provider. [] []
[2012-06-22 14:47:49] security.DEBUG: Username "" was reloaded from user provider. [] []
[2012-06-22 14:47:49] request.ERROR: Symfony\Component\HttpKernel\Exception\NotFoundHttpException: No route found for "GET /js/formAddImage.js" (uncaught exception) at /Applications/MAMP/htdocs/showkees/vendor/symfony/src/Symfony/Bundle/FrameworkBundle/EventListener/RouterListener.php line 83 [] []
[2012-06-22 14:47:49] security.DEBUG: Write SecurityContext in the session [] []
[2012-06-25 14:13:11] security.DEBUG: Read SecurityContext from the session [] []
[2012-06-25 14:13:11] security.DEBUG: Reloading user from user provider. [] []
[2012-06-25 14:13:11] security.DEBUG: Username "" was reloaded from user provider. [] []
[2012-06-25 14:13:11] request.ERROR: Symfony\Component\HttpKernel\Exception\NotFoundHttpException: No route found for "GET /showkees/" (uncaught exception) at /Applications/MAMP/htdocs/showkees/app/cache/prod/classes.php line 4564 [] []
[2012-06-25 14:13:11] security.DEBUG: Write SecurityContext in the session [] []
[2012-06-25 14:13:32] security.DEBUG: Read SecurityContext from the session [] []
[2012-06-25 14:13:32] security.DEBUG: Reloading user from user provider. [] []
[2012-06-25 14:13:32] security.DEBUG: Username "" was reloaded from user provider. [] []
[2012-06-25 14:13:32] request.ERROR: Symfony\Component\HttpKernel\Exception\NotFoundHttpException: No route found for "GET /showkees/" (uncaught exception) at /Applications/MAMP/htdocs/showkees/app/cache/prod/classes.php line 4564 [] []
[2012-06-25 14:13:32] security.DEBUG: Write SecurityContext in the session [] []
[2012-06-25 14:13:44] security.DEBUG: Read SecurityContext from the session [] []
[2012-06-25 14:13:44] security.DEBUG: Reloading user from user provider. [] []
[2012-06-25 14:13:44] security.DEBUG: Username "" was reloaded from user provider. [] []
[2012-06-25 14:13:44] request.ERROR: Symfony\Component\HttpKernel\Exception\NotFoundHttpException: No route found for "GET /showkees/" (uncaught exception) at /Applications/MAMP/htdocs/showkees/app/cache/prod/classes.php line 4564 [] []
[2012-06-25 14:13:44] security.DEBUG: Write SecurityContext in the session [] []
[2012-06-25 14:14:52] security.DEBUG: Read SecurityContext from the session [] []
[2012-06-25 14:14:52] security.DEBUG: Reloading user from user provider. [] []
[2012-06-25 14:14:52] security.DEBUG: Username "" was reloaded from user provider. [] []
[2012-06-25 14:14:52] request.ERROR: Symfony\Component\HttpKernel\Exception\NotFoundHttpException: No route found for "GET /showkees/" (uncaught exception) at /Applications/MAMP/htdocs/showkees/app/cache/prod/classes.php line 4564 [] []
[2012-06-25 14:14:52] security.DEBUG: Write SecurityContext in the session [] []
[2012-06-25 14:14:53] security.DEBUG: Read SecurityContext from the session [] []
[2012-06-25 14:14:53] security.DEBUG: Reloading user from user provider. [] []
[2012-06-25 14:14:54] security.DEBUG: Username "" was reloaded from user provider. [] []
[2012-06-25 14:14:54] request.ERROR: Symfony\Component\HttpKernel\Exception\NotFoundHttpException: No route found for "GET /showkees/" (uncaught exception) at /Applications/MAMP/htdocs/showkees/app/cache/prod/classes.php line 4564 [] []
[2012-06-25 14:14:54] security.DEBUG: Write SecurityContext in the session [] []
[2012-06-25 14:15:17] security.DEBUG: Read SecurityContext from the session [] []
[2012-06-25 14:15:17] security.DEBUG: Reloading user from user provider. [] []
[2012-06-25 14:15:17] security.DEBUG: Username "" was reloaded from user provider. [] []
[2012-06-25 14:15:17] request.ERROR: Symfony\Component\HttpKernel\Exception\NotFoundHttpException: No route found for "GET /showkees/" (uncaught exception) at /Applications/MAMP/htdocs/showkees/app/cache/prod/classes.php line 4564 [] []
[2012-06-25 14:15:17] security.DEBUG: Write SecurityContext in the session [] []
[2012-06-25 14:15:29] security.DEBUG: Read SecurityContext from the session [] []
[2012-06-25 14:15:29] security.DEBUG: Reloading user from user provider. [] []
[2012-06-25 14:15:29] security.DEBUG: Username "" was reloaded from user provider. [] []
[2012-06-25 14:15:29] request.ERROR: Symfony\Component\HttpKernel\Exception\NotFoundHttpException: No route found for "GET /showkees/" (uncaught exception) at /Applications/MAMP/htdocs/showkees/app/cache/prod/classes.php line 4564 [] []
[2012-06-25 14:15:29] security.DEBUG: Write SecurityContext in the session [] []
[2012-06-25 14:15:49] security.DEBUG: Read SecurityContext from the session [] []
[2012-06-25 14:15:49] security.DEBUG: Reloading user from user provider. [] []
[2012-06-25 14:15:49] security.DEBUG: Username "" was reloaded from user provider. [] []
[2012-06-25 14:15:49] request.ERROR: Symfony\Component\HttpKernel\Exception\NotFoundHttpException: No route found for "GET /showkees/" (uncaught exception) at /Applications/MAMP/htdocs/showkees/app/cache/prod/classes.php line 4564 [] []
[2012-06-25 14:15:49] security.DEBUG: Write SecurityContext in the session [] []
[2012-06-25 14:15:51] security.DEBUG: Read SecurityContext from the session [] []
[2012-06-25 14:15:51] security.DEBUG: Reloading user from user provider. [] []
[2012-06-25 14:15:51] security.DEBUG: Username "" was reloaded from user provider. [] []
[2012-06-25 14:15:51] request.ERROR: Symfony\Component\HttpKernel\Exception\NotFoundHttpException: No route found for "GET /showkees/" (uncaught exception) at /Applications/MAMP/htdocs/showkees/app/cache/prod/classes.php line 4564 [] []
[2012-06-25 14:15:51] security.DEBUG: Write SecurityContext in the session [] []
[2012-06-25 14:15:51] security.DEBUG: Read SecurityContext from the session [] []
[2012-06-25 14:15:51] security.DEBUG: Reloading user from user provider. [] []
[2012-06-25 14:15:51] security.DEBUG: Username "" was reloaded from user provider. [] []
[2012-06-25 14:15:51] request.ERROR: Symfony\Component\HttpKernel\Exception\NotFoundHttpException: No route found for "GET /showkees/" (uncaught exception) at /Applications/MAMP/htdocs/showkees/app/cache/prod/classes.php line 4564 [] []
[2012-06-25 14:15:51] security.DEBUG: Write SecurityContext in the session [] []
[2012-06-25 14:15:51] security.DEBUG: Read SecurityContext from the session [] []
[2012-06-25 14:15:51] security.DEBUG: Reloading user from user provider. [] []
[2012-06-25 14:15:51] security.DEBUG: Username "" was reloaded from user provider. [] []
[2012-06-25 14:15:51] request.ERROR: Symfony\Component\HttpKernel\Exception\NotFoundHttpException: No route found for "GET /showkees/" (uncaught exception) at /Applications/MAMP/htdocs/showkees/app/cache/prod/classes.php line 4564 [] []
[2012-06-25 14:15:51] security.DEBUG: Write SecurityContext in the session [] []
[2012-06-25 14:15:52] security.DEBUG: Read SecurityContext from the session [] []
[2012-06-25 14:15:52] security.DEBUG: Reloading user from user provider. [] []
[2012-06-25 14:15:52] security.DEBUG: Username "" was reloaded from user provider. [] []
[2012-06-25 14:15:52] request.ERROR: Symfony\Component\HttpKernel\Exception\NotFoundHttpException: No route found for "GET /showkees/" (uncaught exception) at /Applications/MAMP/htdocs/showkees/app/cache/prod/classes.php line 4564 [] []
[2012-06-25 14:15:52] security.DEBUG: Write SecurityContext in the session [] []
[2012-06-25 14:16:06] security.DEBUG: Read SecurityContext from the session [] []
[2012-06-25 14:16:06] security.DEBUG: Reloading user from user provider. [] []
[2012-06-25 14:16:06] security.DEBUG: Username "" was reloaded from user provider. [] []
[2012-06-25 14:16:06] request.ERROR: Symfony\Component\HttpKernel\Exception\NotFoundHttpException: No route found for "GET /showkees/" (uncaught exception) at /Applications/MAMP/htdocs/showkees/app/cache/prod/classes.php line 4564 [] []
[2012-06-25 14:16:06] security.DEBUG: Write SecurityContext in the session [] []
[2012-06-25 14:18:29] security.DEBUG: Read SecurityContext from the session [] []
[2012-06-25 14:18:29] security.DEBUG: Reloading user from user provider. [] []
[2012-06-25 14:18:29] security.DEBUG: Username "" was reloaded from user provider. [] []
[2012-06-25 14:18:29] request.ERROR: Symfony\Component\HttpKernel\Exception\NotFoundHttpException: No route found for "GET /showkees/" (uncaught exception) at /Applications/MAMP/htdocs/showkees/app/cache/prod/classes.php line 4564 [] []
[2012-06-25 14:18:29] security.DEBUG: Write SecurityContext in the session [] []
[2012-06-25 14:19:39] security.DEBUG: Read SecurityContext from the session [] []
[2012-06-25 14:19:39] security.DEBUG: Reloading user from user provider. [] []
[2012-06-25 14:19:39] security.DEBUG: Username "" was reloaded from user provider. [] []
[2012-06-25 14:19:39] request.ERROR: Symfony\Component\HttpKernel\Exception\NotFoundHttpException: No route found for "GET /showkees/" (uncaught exception) at /Applications/MAMP/htdocs/showkees/app/cache/prod/classes.php line 4564 [] []
[2012-06-25 14:19:39] security.DEBUG: Write SecurityContext in the session [] []
[2012-06-25 14:20:03] security.DEBUG: Read SecurityContext from the session [] []
[2012-06-25 14:20:03] security.DEBUG: Reloading user from user provider. [] []
[2012-06-25 14:20:03] security.DEBUG: Username "" was reloaded from user provider. [] []
[2012-06-25 14:20:03] request.ERROR: Symfony\Component\HttpKernel\Exception\NotFoundHttpException: No route found for "GET /showkees/" (uncaught exception) at /Applications/MAMP/htdocs/showkees/app/cache/prod/classes.php line 4564 [] []
[2012-06-25 14:20:04] security.DEBUG: Write SecurityContext in the session [] []
[2012-06-25 14:21:08] security.DEBUG: Read SecurityContext from the session [] []
[2012-06-25 14:21:08] security.DEBUG: Reloading user from user provider. [] []
[2012-06-25 14:21:08] security.DEBUG: Username "" was reloaded from user provider. [] []
[2012-06-25 14:21:08] request.ERROR: Symfony\Component\HttpKernel\Exception\NotFoundHttpException: No route found for "GET /showkees/" (uncaught exception) at /Applications/MAMP/htdocs/showkees/app/cache/prod/classes.php line 4564 [] []
[2012-06-25 14:21:08] security.DEBUG: Write SecurityContext in the session [] []
[2012-06-25 14:21:41] security.DEBUG: Read SecurityContext from the session [] []
[2012-06-25 14:21:41] security.DEBUG: Reloading user from user provider. [] []
[2012-06-25 14:21:41] security.DEBUG: Username "" was reloaded from user provider. [] []
[2012-06-25 14:21:41] request.ERROR: Symfony\Component\HttpKernel\Exception\NotFoundHttpException: No route found for "GET /showkees/" (uncaught exception) at /Applications/MAMP/htdocs/showkees/app/cache/prod/classes.php line 4564 [] []
[2012-06-25 14:21:41] security.DEBUG: Write SecurityContext in the session [] []
[2012-06-25 14:22:05] security.DEBUG: Read SecurityContext from the session [] []
[2012-06-25 14:22:05] security.DEBUG: Reloading user from user provider. [] []
[2012-06-25 14:22:06] security.DEBUG: Username "" was reloaded from user provider. [] []
[2012-06-25 14:22:06] request.ERROR: Symfony\Component\HttpKernel\Exception\NotFoundHttpException: No route found for "GET /showkees/" (uncaught exception) at /Applications/MAMP/htdocs/showkees/app/cache/prod/classes.php line 4564 [] []
[2012-06-25 14:22:06] security.DEBUG: Write SecurityContext in the session [] []
[2012-06-26 21:48:40] security.DEBUG: Read SecurityContext from the session [] []
[2012-06-26 21:48:40] security.DEBUG: Reloading user from user provider. [] []
[2012-06-26 21:48:40] security.DEBUG: Username "" was reloaded from user provider. [] []
[2012-06-26 21:48:40] request.INFO: Matched route "_imagine_thumbnail" (parameters: "_controller": "imagine.controller:filter", "filter": "thumbnail", "path": "uploads/9_1340532366.jpg", "_route": "_imagine_thumbnail") [] []
[2012-06-26 21:48:40] request.ERROR: Symfony\Component\HttpKernel\Exception\NotFoundHttpException: Source image not found in "/Applications/MAMP/htdocs/showkees/app/../web/uploads/9_1340532366.jpg" (uncaught exception) at /Applications/MAMP/htdocs/showkees/vendor/bundles/Avalanche/Bundle/ImagineBundle/Controller/ImagineController.php line 114 [] []
[2012-06-26 21:48:40] security.DEBUG: Write SecurityContext in the session [] []
[2012-06-26 21:48:47] security.DEBUG: Read SecurityContext from the session [] []
[2012-06-26 21:48:47] security.DEBUG: Reloading user from user provider. [] []
[2012-06-26 21:48:47] security.DEBUG: Username "" was reloaded from user provider. [] []
[2012-06-26 21:48:47] request.INFO: Matched route "_imagine_thumbnail" (parameters: "_controller": "imagine.controller:filter", "filter": "thumbnail", "path": "uploads/9_1340532366.jpg", "_route": "_imagine_thumbnail") [] []
[2012-06-26 21:48:47] request.ERROR: Symfony\Component\HttpKernel\Exception\NotFoundHttpException: Source image not found in "/Applications/MAMP/htdocs/showkees/app/../web/uploads/9_1340532366.jpg" (uncaught exception) at /Applications/MAMP/htdocs/showkees/vendor/bundles/Avalanche/Bundle/ImagineBundle/Controller/ImagineController.php line 114 [] []
[2012-06-26 21:48:47] security.DEBUG: Write SecurityContext in the session [] []
